<?xml version="1.0" encoding="UTF-8"?>
<!-- Generated by org.testng.reporters.JUnitReportReporter -->
<testsuite hostname="DESKTOP-K6NG25I" name="guru99_sessions.test_1" tests="1" failures="0" timestamp="9 Jun 2018 02:26:11 GMT" time="26.290" errors="0">
  <testcase name="setup" time="26.290" classname="guru99_sessions.test_1"/>
</testsuite> <!-- guru99_sessions.test_1 -->
